2021-03-16T06:44:25+0000 [twisted.logger._global#warn] Warning: primary log target selected twice at </home/chris/Documents/python/environments/gameservertest/lib/python3.8/site-packages/twisted/application/app.py:213> - previously selected at </home/chris/Documents/python/environments/gameservertest/lib/python3.8/site-packages/twisted/python/log.py:214>.  Remove one of the calls to beginLoggingTo.
2021-03-16T06:44:25+0000 [twisted.scripts._twistd_unix.UnixAppLogger#info] twistd 20.3.0 (/home/chris/Documents/python/environments/gameservertest/bin/python3 3.8.5) starting up.
2021-03-16T06:44:25+0000 [twisted.scripts._twistd_unix.UnixAppLogger#info] reactor class: twisted.internet.epollreactor.EPollReactor.
2021-03-16T06:44:25+0000 [stderr#error] Traceback (most recent call last):
2021-03-16T06:44:25+0000 [stderr#error]   File "/home/chris/Documents/python/environments/gameservertest/bin/twistd", line 8, in <module>
2021-03-16T06:44:25+0000 [stderr#error]     sys.exit(run())
2021-03-16T06:44:25+0000 [stderr#error]   File "/home/chris/Documents/python/environments/gameservertest/lib/python3.8/site-packages/twisted/scripts/twistd.py", line 31, in run
2021-03-16T06:44:25+0000 [stderr#error]     app.run(runApp, ServerOptions)
2021-03-16T06:44:25+0000 [stderr#error]   File "/home/chris/Documents/python/environments/gameservertest/lib/python3.8/site-packages/twisted/application/app.py", line 674, in run
2021-03-16T06:44:25+0000 [stderr#error]     runApp(config)
2021-03-16T06:44:25+0000 [stderr#error]   File "/home/chris/Documents/python/environments/gameservertest/lib/python3.8/site-packages/twisted/scripts/twistd.py", line 25, in runApp
2021-03-16T06:44:25+0000 [stderr#error]     runner.run()
2021-03-16T06:44:25+0000 [stderr#error]   File "/home/chris/Documents/python/environments/gameservertest/lib/python3.8/site-packages/twisted/application/app.py", line 385, in run
2021-03-16T06:44:25+0000 [stderr#error]     self.postApplication()
2021-03-16T06:44:25+0000 [stderr#error]   File "/home/chris/Documents/python/environments/gameservertest/lib/python3.8/site-packages/twisted/scripts/_twistd_unix.py", line 254, in postApplication
2021-03-16T06:44:25+0000 [stderr#error]     self.startApplication(self.application)
2021-03-16T06:44:25+0000 [stderr#error]   File "/home/chris/Documents/python/environments/gameservertest/lib/python3.8/site-packages/twisted/scripts/_twistd_unix.py", line 442, in startApplication
2021-03-16T06:44:25+0000 [stderr#error]     service.IService(application).privilegedStartService()
2021-03-16T06:44:25+0000 [stderr#error]   File "/home/chris/Documents/python/environments/gameservertest/lib/python3.8/site-packages/twisted/application/service.py", line 283, in privilegedStartService
2021-03-16T06:44:25+0000 [stderr#error]     service.privilegedStartService()
2021-03-16T06:44:25+0000 [stderr#error]   File "/home/chris/Documents/python/environments/gameservertest/lib/python3.8/site-packages/twisted/application/internet.py", line 114, in privilegedStartService
2021-03-16T06:44:25+0000 [stderr#error]     self._port = self._getPort()
2021-03-16T06:44:25+0000 [stderr#error]   File "/home/chris/Documents/python/environments/gameservertest/lib/python3.8/site-packages/twisted/application/internet.py", line 141, in _getPort
2021-03-16T06:44:25+0000 [stderr#error]     return getattr(_maybeGlobalReactor(self.reactor),
2021-03-16T06:44:26+0000 [stderr#error]   File "/home/chris/Documents/python/environments/gameservertest/lib/python3.8/site-packages/twisted/internet/posixbase.py", line 495, in listenTCP
2021-03-16T06:44:26+0000 [stderr#error]     p.startListening()
2021-03-16T06:44:26+0000 [stderr#error]   File "/home/chris/Documents/python/environments/gameservertest/lib/python3.8/site-packages/twisted/internet/tcp.py", line 1361, in startListening
2021-03-16T06:44:26+0000 [stderr#error]     skt.bind(addr)
2021-03-16T06:44:26+0000 [stderr#error] TypeError: an integer is required (got type str)
2021-03-16T07:05:07+0000 [twisted.logger._global#warn] Warning: primary log target selected twice at </home/chris/Documents/python/environments/gameservertest/lib/python3.8/site-packages/twisted/application/app.py:213> - previously selected at </home/chris/Documents/python/environments/gameservertest/lib/python3.8/site-packages/twisted/python/log.py:214>.  Remove one of the calls to beginLoggingTo.
2021-03-16T07:05:07+0000 [twisted.scripts._twistd_unix.UnixAppLogger#info] twistd 20.3.0 (/home/chris/Documents/python/environments/gameservertest/bin/python3 3.8.5) starting up.
2021-03-16T07:05:07+0000 [twisted.scripts._twistd_unix.UnixAppLogger#info] reactor class: twisted.internet.epollreactor.EPollReactor.
2021-03-16T07:05:07+0000 [stderr#error] Traceback (most recent call last):
2021-03-16T07:05:07+0000 [stderr#error]   File "/home/chris/Documents/python/environments/gameservertest/bin/twistd", line 8, in <module>
2021-03-16T07:05:07+0000 [stderr#error]     sys.exit(run())
2021-03-16T07:05:07+0000 [stderr#error]   File "/home/chris/Documents/python/environments/gameservertest/lib/python3.8/site-packages/twisted/scripts/twistd.py", line 31, in run
2021-03-16T07:05:07+0000 [stderr#error]     app.run(runApp, ServerOptions)
2021-03-16T07:05:07+0000 [stderr#error]   File "/home/chris/Documents/python/environments/gameservertest/lib/python3.8/site-packages/twisted/application/app.py", line 674, in run
2021-03-16T07:05:07+0000 [stderr#error]     runApp(config)
2021-03-16T07:05:07+0000 [stderr#error]   File "/home/chris/Documents/python/environments/gameservertest/lib/python3.8/site-packages/twisted/scripts/twistd.py", line 25, in runApp
2021-03-16T07:05:07+0000 [stderr#error]     runner.run()
2021-03-16T07:05:07+0000 [stderr#error]   File "/home/chris/Documents/python/environments/gameservertest/lib/python3.8/site-packages/twisted/application/app.py", line 385, in run
2021-03-16T07:05:07+0000 [stderr#error]     self.postApplication()
2021-03-16T07:05:07+0000 [stderr#error]   File "/home/chris/Documents/python/environments/gameservertest/lib/python3.8/site-packages/twisted/scripts/_twistd_unix.py", line 254, in postApplication
2021-03-16T07:05:07+0000 [stderr#error]     self.startApplication(self.application)
2021-03-16T07:05:07+0000 [stderr#error]   File "/home/chris/Documents/python/environments/gameservertest/lib/python3.8/site-packages/twisted/scripts/_twistd_unix.py", line 442, in startApplication
2021-03-16T07:05:07+0000 [stderr#error]     service.IService(application).privilegedStartService()
2021-03-16T07:05:07+0000 [stderr#error]   File "/home/chris/Documents/python/environments/gameservertest/lib/python3.8/site-packages/twisted/application/service.py", line 283, in privilegedStartService
2021-03-16T07:05:07+0000 [stderr#error]     service.privilegedStartService()
2021-03-16T07:05:07+0000 [stderr#error]   File "/home/chris/Documents/python/environments/gameservertest/lib/python3.8/site-packages/twisted/application/internet.py", line 114, in privilegedStartService
2021-03-16T07:05:07+0000 [stderr#error]     self._port = self._getPort()
2021-03-16T07:05:07+0000 [stderr#error]   File "/home/chris/Documents/python/environments/gameservertest/lib/python3.8/site-packages/twisted/application/internet.py", line 141, in _getPort
2021-03-16T07:05:07+0000 [stderr#error]     return getattr(_maybeGlobalReactor(self.reactor),
2021-03-16T07:05:07+0000 [stderr#error]   File "/home/chris/Documents/python/environments/gameservertest/lib/python3.8/site-packages/twisted/internet/posixbase.py", line 495, in listenTCP
2021-03-16T07:05:07+0000 [stderr#error]     p.startListening()
2021-03-16T07:05:07+0000 [stderr#error]   File "/home/chris/Documents/python/environments/gameservertest/lib/python3.8/site-packages/twisted/internet/tcp.py", line 1361, in startListening
2021-03-16T07:05:07+0000 [stderr#error]     skt.bind(addr)
2021-03-16T07:05:07+0000 [stderr#error] TypeError: an integer is required (got type str)
